2021-02-17 00:00:04.497  INFO 14544 --- [scheduling-1] c.c.e.job.bean.ExamDeadlineListener      : EXAMS ENDING JOB ACTIVED
2021-02-17 00:01:35.265  WARN 14544 --- [HikariPool-1 housekeeper] com.zaxxer.hikari.pool.HikariPool        : HikariPool-1 - Thread starvation or clock leap detected (housekeeper delta=1m54s633ms294µs300ns).
2021-02-17 00:01:35.477  INFO 14544 --- [scheduling-1] c.c.e.job.bean.ExamDeadlineListener      : EXAMS STARTING JOB ACTIVED
2021-02-17 00:01:36.019  INFO 14544 --- [SpringContextShutdownHook] o.s.s.c.ThreadPoolTaskScheduler          : Shutting down ExecutorService 'taskScheduler'
2021-02-17 00:01:36.027  INFO 14544 --- [SpringContextShutdownHook] j.LocalContainerEntityManagerFactoryBean : Closing JPA EntityManagerFactory for persistence unit 'default'
2021-02-17 00:01:36.034  INFO 14544 --- [SpringContextShutdownHook] com.zaxxer.hikari.HikariDataSource       : HikariPool-1 - Shutdown initiated...
2021-02-17 00:01:36.053  INFO 14544 --- [SpringContextShutdownHook] com.zaxxer.hikari.HikariDataSource       : HikariPool-1 - Shutdown completed.
2021-02-17 00:01:40.909  INFO 9672 --- [restartedMain] c.c.examsystem.ExamSystemApplication     : Starting ExamSystemApplication using Java 11.0.6 on DESKTOP-O02HOJ9 with PID 9672 (C:\Users\Doğukan\Desktop\New folder (2)\exam-system\target\classes started by Doğukan in C:\Users\Doğukan\Desktop\New folder (2)\exam-system)
2021-02-17 00:01:40.913  INFO 9672 --- [restartedMain] c.c.examsystem.ExamSystemApplication     : No active profile set, falling back to default profiles: default
2021-02-17 00:01:41.166  INFO 9672 --- [restartedMain] .e.DevToolsPropertyDefaultsPostProcessor : Devtools property defaults active! Set 'spring.devtools.add-properties' to 'false' to disable
2021-02-17 00:01:41.166  INFO 9672 --- [restartedMain] .e.DevToolsPropertyDefaultsPostProcessor : For additional web related logging consider setting the 'logging.level.web' property to 'DEBUG'
2021-02-17 00:01:42.351  INFO 9672 --- [restartedMain] .s.d.r.c.RepositoryConfigurationDelegate : Bootstrapping Spring Data JPA repositories in DEFAULT mode.
2021-02-17 00:01:42.476  INFO 9672 --- [restartedMain] .s.d.r.c.RepositoryConfigurationDelegate : Finished Spring Data repository scanning in 115 ms. Found 3 JPA repository interfaces.
2021-02-17 00:01:42.911  INFO 9672 --- [restartedMain] trationDelegate$BeanPostProcessorChecker : Bean 'org.springframework.security.access.expression.method.DefaultMethodSecurityExpressionHandler@705ed00b' of type [org.springframework.security.access.expression.method.DefaultMethodSecurityExpressionHandler] is not eligible for getting processed by all BeanPostProcessors (for example: not eligible for auto-proxying)
2021-02-17 00:01:42.916  INFO 9672 --- [restartedMain] trationDelegate$BeanPostProcessorChecker : Bean 'methodSecurityMetadataSource' of type [org.springframework.security.access.method.DelegatingMethodSecurityMetadataSource] is not eligible for getting processed by all BeanPostProcessors (for example: not eligible for auto-proxying)
2021-02-17 00:01:43.294  INFO 9672 --- [restartedMain] o.s.b.w.embedded.tomcat.TomcatWebServer  : Tomcat initialized with port(s): 8080 (http)
2021-02-17 00:01:43.301  INFO 9672 --- [restartedMain] o.apache.catalina.core.StandardService   : Starting service [Tomcat]
2021-02-17 00:01:43.301  INFO 9672 --- [restartedMain] org.apache.catalina.core.StandardEngine  : Starting Servlet engine: [Apache Tomcat/9.0.41]
2021-02-17 00:01:43.421  INFO 9672 --- [restartedMain] o.a.c.c.C.[Tomcat].[localhost].[/]       : Initializing Spring embedded WebApplicationContext
2021-02-17 00:01:43.421  INFO 9672 --- [restartedMain] w.s.c.ServletWebServerApplicationContext : Root WebApplicationContext: initialization completed in 2253 ms
2021-02-17 00:01:43.593  INFO 9672 --- [restartedMain] o.hibernate.jpa.internal.util.LogHelper  : HHH000204: Processing PersistenceUnitInfo [name: default]
2021-02-17 00:01:43.633  INFO 9672 --- [restartedMain] org.hibernate.Version                    : HHH000412: Hibernate ORM core version 5.4.27.Final
2021-02-17 00:01:43.727  INFO 9672 --- [restartedMain] o.hibernate.annotations.common.Version   : HCANN000001: Hibernate Commons Annotations {5.1.2.Final}
2021-02-17 00:01:43.805  INFO 9672 --- [restartedMain] com.zaxxer.hikari.HikariDataSource       : HikariPool-1 - Starting...
2021-02-17 00:01:45.827  INFO 9672 --- [restartedMain] com.zaxxer.hikari.HikariDataSource       : HikariPool-1 - Start completed.
2021-02-17 00:01:45.860  INFO 9672 --- [restartedMain] org.hibernate.dialect.Dialect            : HHH000400: Using dialect: org.hibernate.dialect.PostgreSQL10Dialect
2021-02-17 00:01:47.126  INFO 9672 --- [restartedMain] Hibernate Types                          : This framework is proudly powered by:

>>>>>>>>>>>>>>>>>>>>>>>>>>>>>>>>>>>>>>>>>>>>>>>>>>>>>>>>>>>>>>>>
 _    _                           _     _
| |  | |                         (_)   | |
| |__| |_   _ _ __   ___ _ __ ___ _ ___| |_ ___ _ __   ___ ___
|  __  | | | | '_ \ / _ \ '__/ __| / __| __/ _ \ '_ \ / __/ _ \
| |  | | |_| | |_) |  __/ |  \__ \ \__ \ ||  __/ | | | (_|  __/
|_|  |_|\__, | .__/ \___|_|  |___/_|___/\__\___|_| |_|\___\___|
         __/ | |
        |___/|_|

At Hypersistence, we only build amazing tools, like Hibernate Types, Flexy Pool, or Hypersistence Optimizer.
What if there was a tool that couuld automatically detect JPA and Hibernate performance issues?
Hypersistence Optimizer is that tool!
For more details, go to: 

https://vladmihalcea.com/hypersistence-optimizer/
<<<<<<<<<<<<<<<<<<<<<<<<<<<<<<<<<<<<<<<<<<<<<<<<<<<<<<<<<<<<<<<<

2021-02-17 00:01:49.714  INFO 9672 --- [restartedMain] o.h.e.t.j.p.i.JtaPlatformInitiator       : HHH000490: Using JtaPlatform implementation: [org.hibernate.engine.transaction.jta.platform.internal.NoJtaPlatform]
2021-02-17 00:01:49.722  INFO 9672 --- [restartedMain] j.LocalContainerEntityManagerFactoryBean : Initialized JPA EntityManagerFactory for persistence unit 'default'
2021-02-17 00:01:50.037  WARN 9672 --- [restartedMain] JpaBaseConfiguration$JpaWebConfiguration : spring.jpa.open-in-view is enabled by default. Therefore, database queries may be performed during view rendering. Explicitly configure spring.jpa.open-in-view to disable this warning
2021-02-17 00:01:50.125  INFO 9672 --- [restartedMain] o.s.b.d.a.OptionalLiveReloadServer       : LiveReload server is running on port 35729
2021-02-17 00:01:50.543  INFO 9672 --- [restartedMain] o.s.s.web.DefaultSecurityFilterChain     : Will secure any request with [org.springframework.security.web.context.request.async.WebAsyncManagerIntegrationFilter@3a3abe23, org.springframework.security.web.context.SecurityContextPersistenceFilter@56c3b075, org.springframework.security.web.header.HeaderWriterFilter@6a7203ac, org.springframework.security.web.authentication.logout.LogoutFilter@276d1e8a, org.springframework.security.web.authentication.UsernamePasswordAuthenticationFilter@48bce374, org.springframework.security.web.savedrequest.RequestCacheAwareFilter@128ee9c4, org.springframework.security.web.servletapi.SecurityContextHolderAwareRequestFilter@71926994, org.springframework.security.web.authentication.AnonymousAuthenticationFilter@1ec5b0ab, org.springframework.security.web.session.SessionManagementFilter@705dd7fc, org.springframework.security.web.access.ExceptionTranslationFilter@3f7d860f, org.springframework.security.web.access.intercept.FilterSecurityInterceptor@13b85414]
2021-02-17 00:01:50.624  INFO 9672 --- [restartedMain] o.s.s.c.ThreadPoolTaskScheduler          : Initializing ExecutorService 'taskScheduler'
2021-02-17 00:01:50.862  INFO 9672 --- [restartedMain] o.s.b.w.embedded.tomcat.TomcatWebServer  : Tomcat started on port(s): 8080 (http) with context path ''
2021-02-17 00:01:50.869  INFO 9672 --- [scheduling-1] c.c.e.job.bean.ExamDeadlineListener      : EXAMS ENDING JOB ACTIVED
2021-02-17 00:01:50.875  INFO 9672 --- [restartedMain] c.c.examsystem.ExamSystemApplication     : Started ExamSystemApplication in 10.643 seconds (JVM running for 12.906)
2021-02-17 00:01:51.323  INFO 9672 --- [scheduling-1] c.c.e.job.bean.ExamDeadlineListener      : EXAMS STARTING JOB ACTIVED
2021-02-17 00:01:53.517  INFO 9672 --- [http-nio-8080-exec-1] o.a.c.c.C.[Tomcat].[localhost].[/]       : Initializing Spring DispatcherServlet 'dispatcherServlet'
2021-02-17 00:01:53.518  INFO 9672 --- [http-nio-8080-exec-1] o.s.web.servlet.DispatcherServlet        : Initializing Servlet 'dispatcherServlet'
2021-02-17 00:01:53.519  INFO 9672 --- [http-nio-8080-exec-1] o.s.web.servlet.DispatcherServlet        : Completed initialization in 1 ms
2021-02-17 00:01:53.820  WARN 9672 --- [http-nio-8080-exec-1] o.a.c.util.SessionIdGeneratorBase        : Creation of SecureRandom instance for session ID generation using [SHA1PRNG] took [265] milliseconds.
2021-02-17 00:01:59.611  WARN 9672 --- [http-nio-8080-exec-2] n.n.u.t.expressions.ExpressionProcessor  : Fragment expression "shared-templates/layout" is being wrapped as a Thymeleaf 3 fragment expression (~{...}) for backwards compatibility purposes.  This wrapping will be dropped in the next major version of the expression processor, so please rewrite as a Thymeleaf 3 fragment expression to future-proof your code.  See https://github.com/thymeleaf/thymeleaf/issues/451 for more information.
2021-02-17 00:02:51.457  INFO 9672 --- [scheduling-1] c.c.e.job.bean.ExamDeadlineListener      : EXAMS ENDING JOB ACTIVED
2021-02-17 00:02:51.705  INFO 9672 --- [scheduling-1] c.c.e.job.bean.ExamDeadlineListener      : EXAMS STARTING JOB ACTIVED
2021-02-17 00:03:50.526  INFO 744 --- [restartedMain] c.c.examsystem.ExamSystemApplication     : Starting ExamSystemApplication using Java 11.0.6 on DESKTOP-O02HOJ9 with PID 744 (C:\Users\Doğukan\Desktop\New folder (2)\exam-system\target\classes started by Doğukan in C:\Users\Doğukan\Desktop\New folder (2)\exam-system)
2021-02-17 00:03:50.528  INFO 744 --- [restartedMain] c.c.examsystem.ExamSystemApplication     : No active profile set, falling back to default profiles: default
2021-02-17 00:03:50.711  INFO 744 --- [restartedMain] .e.DevToolsPropertyDefaultsPostProcessor : Devtools property defaults active! Set 'spring.devtools.add-properties' to 'false' to disable
2021-02-17 00:03:50.712  INFO 744 --- [restartedMain] .e.DevToolsPropertyDefaultsPostProcessor : For additional web related logging consider setting the 'logging.level.web' property to 'DEBUG'
2021-02-17 00:03:51.567  INFO 744 --- [restartedMain] .s.d.r.c.RepositoryConfigurationDelegate : Bootstrapping Spring Data JPA repositories in DEFAULT mode.
2021-02-17 00:03:51.669  INFO 744 --- [restartedMain] .s.d.r.c.RepositoryConfigurationDelegate : Finished Spring Data repository scanning in 91 ms. Found 3 JPA repository interfaces.
2021-02-17 00:03:51.982  INFO 744 --- [restartedMain] trationDelegate$BeanPostProcessorChecker : Bean 'org.springframework.security.access.expression.method.DefaultMethodSecurityExpressionHandler@2422bac4' of type [org.springframework.security.access.expression.method.DefaultMethodSecurityExpressionHandler] is not eligible for getting processed by all BeanPostProcessors (for example: not eligible for auto-proxying)
2021-02-17 00:03:51.985  INFO 744 --- [restartedMain] trationDelegate$BeanPostProcessorChecker : Bean 'methodSecurityMetadataSource' of type [org.springframework.security.access.method.DelegatingMethodSecurityMetadataSource] is not eligible for getting processed by all BeanPostProcessors (for example: not eligible for auto-proxying)
2021-02-17 00:03:52.279  INFO 744 --- [restartedMain] o.s.b.w.embedded.tomcat.TomcatWebServer  : Tomcat initialized with port(s): 8080 (http)
2021-02-17 00:03:52.285  INFO 744 --- [restartedMain] o.apache.catalina.core.StandardService   : Starting service [Tomcat]
2021-02-17 00:03:52.285  INFO 744 --- [restartedMain] org.apache.catalina.core.StandardEngine  : Starting Servlet engine: [Apache Tomcat/9.0.41]
2021-02-17 00:03:52.394  INFO 744 --- [restartedMain] o.a.c.c.C.[Tomcat].[localhost].[/]       : Initializing Spring embedded WebApplicationContext
2021-02-17 00:03:52.395  INFO 744 --- [restartedMain] w.s.c.ServletWebServerApplicationContext : Root WebApplicationContext: initialization completed in 1682 ms
2021-02-17 00:03:52.538  INFO 744 --- [restartedMain] o.hibernate.jpa.internal.util.LogHelper  : HHH000204: Processing PersistenceUnitInfo [name: default]
2021-02-17 00:03:52.573  INFO 744 --- [restartedMain] org.hibernate.Version                    : HHH000412: Hibernate ORM core version 5.4.27.Final
2021-02-17 00:03:52.655  INFO 744 --- [restartedMain] o.hibernate.annotations.common.Version   : HCANN000001: Hibernate Commons Annotations {5.1.2.Final}
2021-02-17 00:03:52.723  INFO 744 --- [restartedMain] com.zaxxer.hikari.HikariDataSource       : HikariPool-1 - Starting...
2021-02-17 00:03:53.837  INFO 744 --- [restartedMain] com.zaxxer.hikari.HikariDataSource       : HikariPool-1 - Start completed.
2021-02-17 00:03:53.854  INFO 744 --- [restartedMain] org.hibernate.dialect.Dialect            : HHH000400: Using dialect: org.hibernate.dialect.PostgreSQL10Dialect
2021-02-17 00:03:54.575  INFO 744 --- [restartedMain] Hibernate Types                          : This framework is proudly powered by:

>>>>>>>>>>>>>>>>>>>>>>>>>>>>>>>>>>>>>>>>>>>>>>>>>>>>>>>>>>>>>>>>
 _    _                           _     _
| |  | |                         (_)   | |
| |__| |_   _ _ __   ___ _ __ ___ _ ___| |_ ___ _ __   ___ ___
|  __  | | | | '_ \ / _ \ '__/ __| / __| __/ _ \ '_ \ / __/ _ \
| |  | | |_| | |_) |  __/ |  \__ \ \__ \ ||  __/ | | | (_|  __/
|_|  |_|\__, | .__/ \___|_|  |___/_|___/\__\___|_| |_|\___\___|
         __/ | |
        |___/|_|

At Hypersistence, we only build amazing tools, like Hibernate Types, Flexy Pool, or Hypersistence Optimizer.
What if there was a tool that couuld automatically detect JPA and Hibernate performance issues?
Hypersistence Optimizer is that tool!
For more details, go to: 

https://vladmihalcea.com/hypersistence-optimizer/
<<<<<<<<<<<<<<<<<<<<<<<<<<<<<<<<<<<<<<<<<<<<<<<<<<<<<<<<<<<<<<<<

2021-02-17 00:03:55.952  INFO 744 --- [restartedMain] o.h.e.t.j.p.i.JtaPlatformInitiator       : HHH000490: Using JtaPlatform implementation: [org.hibernate.engine.transaction.jta.platform.internal.NoJtaPlatform]
2021-02-17 00:03:55.959  INFO 744 --- [restartedMain] j.LocalContainerEntityManagerFactoryBean : Initialized JPA EntityManagerFactory for persistence unit 'default'
2021-02-17 00:03:56.255  WARN 744 --- [restartedMain] JpaBaseConfiguration$JpaWebConfiguration : spring.jpa.open-in-view is enabled by default. Therefore, database queries may be performed during view rendering. Explicitly configure spring.jpa.open-in-view to disable this warning
2021-02-17 00:03:56.331  INFO 744 --- [restartedMain] o.s.b.d.a.OptionalLiveReloadServer       : LiveReload server is running on port 35729
2021-02-17 00:03:56.711  INFO 744 --- [restartedMain] o.s.s.web.DefaultSecurityFilterChain     : Will secure any request with [org.springframework.security.web.context.request.async.WebAsyncManagerIntegrationFilter@8a461d8, org.springframework.security.web.context.SecurityContextPersistenceFilter@1e1bdab0, org.springframework.security.web.header.HeaderWriterFilter@1962a746, org.springframework.security.web.authentication.logout.LogoutFilter@228933c6, org.springframework.security.web.authentication.UsernamePasswordAuthenticationFilter@6decd980, org.springframework.security.web.savedrequest.RequestCacheAwareFilter@73682423, org.springframework.security.web.servletapi.SecurityContextHolderAwareRequestFilter@7d8dd4de, org.springframework.security.web.authentication.AnonymousAuthenticationFilter@1f73e2a4, org.springframework.security.web.session.SessionManagementFilter@25ed6e4, org.springframework.security.web.access.ExceptionTranslationFilter@4d7b6980, org.springframework.security.web.access.intercept.FilterSecurityInterceptor@7124b59c]
2021-02-17 00:03:56.782  INFO 744 --- [restartedMain] o.s.s.c.ThreadPoolTaskScheduler          : Initializing ExecutorService 'taskScheduler'
2021-02-17 00:03:56.997  INFO 744 --- [restartedMain] o.s.b.w.embedded.tomcat.TomcatWebServer  : Tomcat started on port(s): 8080 (http) with context path ''
2021-02-17 00:03:57.005  INFO 744 --- [scheduling-1] c.c.e.job.bean.ExamDeadlineListener      : EXAMS ENDING JOB ACTIVED
2021-02-17 00:03:57.011  INFO 744 --- [restartedMain] c.c.examsystem.ExamSystemApplication     : Started ExamSystemApplication in 7.053 seconds (JVM running for 8.636)
2021-02-17 00:03:57.299  INFO 744 --- [scheduling-1] c.c.e.job.bean.ExamDeadlineListener      : EXAMS STARTING JOB ACTIVED
2021-02-17 00:04:02.889  INFO 744 --- [http-nio-8080-exec-1] o.a.c.c.C.[Tomcat].[localhost].[/]       : Initializing Spring DispatcherServlet 'dispatcherServlet'
2021-02-17 00:04:02.889  INFO 744 --- [http-nio-8080-exec-1] o.s.web.servlet.DispatcherServlet        : Initializing Servlet 'dispatcherServlet'
2021-02-17 00:04:02.890  INFO 744 --- [http-nio-8080-exec-1] o.s.web.servlet.DispatcherServlet        : Completed initialization in 1 ms
2021-02-17 00:04:03.181  WARN 744 --- [http-nio-8080-exec-1] o.a.c.util.SessionIdGeneratorBase        : Creation of SecureRandom instance for session ID generation using [SHA1PRNG] took [262] milliseconds.
2021-02-17 00:04:07.992  WARN 744 --- [http-nio-8080-exec-5] n.n.u.t.expressions.ExpressionProcessor  : Fragment expression "shared-templates/layout" is being wrapped as a Thymeleaf 3 fragment expression (~{...}) for backwards compatibility purposes.  This wrapping will be dropped in the next major version of the expression processor, so please rewrite as a Thymeleaf 3 fragment expression to future-proof your code.  See https://github.com/thymeleaf/thymeleaf/issues/451 for more information.
2021-02-17 00:04:44.260  INFO 3508 --- [restartedMain] c.c.examsystem.ExamSystemApplication     : Starting ExamSystemApplication using Java 11.0.6 on DESKTOP-O02HOJ9 with PID 3508 (C:\Users\Doğukan\Desktop\New folder (2)\exam-system\target\classes started by Doğukan in C:\Users\Doğukan\Desktop\New folder (2)\exam-system)
2021-02-17 00:04:44.263  INFO 3508 --- [restartedMain] c.c.examsystem.ExamSystemApplication     : No active profile set, falling back to default profiles: default
2021-02-17 00:04:44.451  INFO 3508 --- [restartedMain] .e.DevToolsPropertyDefaultsPostProcessor : Devtools property defaults active! Set 'spring.devtools.add-properties' to 'false' to disable
2021-02-17 00:04:44.451  INFO 3508 --- [restartedMain] .e.DevToolsPropertyDefaultsPostProcessor : For additional web related logging consider setting the 'logging.level.web' property to 'DEBUG'
2021-02-17 00:04:45.374  INFO 3508 --- [restartedMain] .s.d.r.c.RepositoryConfigurationDelegate : Bootstrapping Spring Data JPA repositories in DEFAULT mode.
2021-02-17 00:04:45.466  INFO 3508 --- [restartedMain] .s.d.r.c.RepositoryConfigurationDelegate : Finished Spring Data repository scanning in 82 ms. Found 3 JPA repository interfaces.
2021-02-17 00:04:45.781  INFO 3508 --- [restartedMain] trationDelegate$BeanPostProcessorChecker : Bean 'org.springframework.security.access.expression.method.DefaultMethodSecurityExpressionHandler@8b01f94' of type [org.springframework.security.access.expression.method.DefaultMethodSecurityExpressionHandler] is not eligible for getting processed by all BeanPostProcessors (for example: not eligible for auto-proxying)
2021-02-17 00:04:45.784  INFO 3508 --- [restartedMain] trationDelegate$BeanPostProcessorChecker : Bean 'methodSecurityMetadataSource' of type [org.springframework.security.access.method.DelegatingMethodSecurityMetadataSource] is not eligible for getting processed by all BeanPostProcessors (for example: not eligible for auto-proxying)
2021-02-17 00:04:46.092  INFO 3508 --- [restartedMain] o.s.b.w.embedded.tomcat.TomcatWebServer  : Tomcat initialized with port(s): 8080 (http)
2021-02-17 00:04:46.098  INFO 3508 --- [restartedMain] o.apache.catalina.core.StandardService   : Starting service [Tomcat]
2021-02-17 00:04:46.098  INFO 3508 --- [restartedMain] org.apache.catalina.core.StandardEngine  : Starting Servlet engine: [Apache Tomcat/9.0.41]
2021-02-17 00:04:46.213  INFO 3508 --- [restartedMain] o.a.c.c.C.[Tomcat].[localhost].[/]       : Initializing Spring embedded WebApplicationContext
2021-02-17 00:04:46.213  INFO 3508 --- [restartedMain] w.s.c.ServletWebServerApplicationContext : Root WebApplicationContext: initialization completed in 1761 ms
2021-02-17 00:04:46.359  INFO 3508 --- [restartedMain] o.hibernate.jpa.internal.util.LogHelper  : HHH000204: Processing PersistenceUnitInfo [name: default]
2021-02-17 00:04:46.391  INFO 3508 --- [restartedMain] org.hibernate.Version                    : HHH000412: Hibernate ORM core version 5.4.27.Final
2021-02-17 00:04:46.469  INFO 3508 --- [restartedMain] o.hibernate.annotations.common.Version   : HCANN000001: Hibernate Commons Annotations {5.1.2.Final}
2021-02-17 00:04:46.533  INFO 3508 --- [restartedMain] com.zaxxer.hikari.HikariDataSource       : HikariPool-1 - Starting...
2021-02-17 00:04:47.588  INFO 3508 --- [restartedMain] com.zaxxer.hikari.HikariDataSource       : HikariPool-1 - Start completed.
2021-02-17 00:04:47.604  INFO 3508 --- [restartedMain] org.hibernate.dialect.Dialect            : HHH000400: Using dialect: org.hibernate.dialect.PostgreSQL10Dialect
2021-02-17 00:04:48.499  INFO 3508 --- [restartedMain] Hibernate Types                          : This framework is proudly powered by:

>>>>>>>>>>>>>>>>>>>>>>>>>>>>>>>>>>>>>>>>>>>>>>>>>>>>>>>>>>>>>>>>
 _    _                           _     _
| |  | |                         (_)   | |
| |__| |_   _ _ __   ___ _ __ ___ _ ___| |_ ___ _ __   ___ ___
|  __  | | | | '_ \ / _ \ '__/ __| / __| __/ _ \ '_ \ / __/ _ \
| |  | | |_| | |_) |  __/ |  \__ \ \__ \ ||  __/ | | | (_|  __/
|_|  |_|\__, | .__/ \___|_|  |___/_|___/\__\___|_| |_|\___\___|
         __/ | |
        |___/|_|

At Hypersistence, we only build amazing tools, like Hibernate Types, Flexy Pool, or Hypersistence Optimizer.
What if there was a tool that couuld automatically detect JPA and Hibernate performance issues?
Hypersistence Optimizer is that tool!
For more details, go to: 

https://vladmihalcea.com/hypersistence-optimizer/
<<<<<<<<<<<<<<<<<<<<<<<<<<<<<<<<<<<<<<<<<<<<<<<<<<<<<<<<<<<<<<<<

2021-02-17 00:04:50.016  INFO 3508 --- [restartedMain] o.h.e.t.j.p.i.JtaPlatformInitiator       : HHH000490: Using JtaPlatform implementation: [org.hibernate.engine.transaction.jta.platform.internal.NoJtaPlatform]
2021-02-17 00:04:50.023  INFO 3508 --- [restartedMain] j.LocalContainerEntityManagerFactoryBean : Initialized JPA EntityManagerFactory for persistence unit 'default'
2021-02-17 00:04:50.320  WARN 3508 --- [restartedMain] JpaBaseConfiguration$JpaWebConfiguration : spring.jpa.open-in-view is enabled by default. Therefore, database queries may be performed during view rendering. Explicitly configure spring.jpa.open-in-view to disable this warning
2021-02-17 00:04:50.410  INFO 3508 --- [restartedMain] o.s.b.d.a.OptionalLiveReloadServer       : LiveReload server is running on port 35729
2021-02-17 00:04:50.790  INFO 3508 --- [restartedMain] o.s.s.web.DefaultSecurityFilterChain     : Will secure any request with [org.springframework.security.web.context.request.async.WebAsyncManagerIntegrationFilter@356d90c0, org.springframework.security.web.context.SecurityContextPersistenceFilter@4cde23c2, org.springframework.security.web.header.HeaderWriterFilter@663afbbf, org.springframework.security.web.authentication.logout.LogoutFilter@7a6f0539, org.springframework.security.web.authentication.UsernamePasswordAuthenticationFilter@5f14bde1, org.springframework.security.web.savedrequest.RequestCacheAwareFilter@17bed96f, org.springframework.security.web.servletapi.SecurityContextHolderAwareRequestFilter@704c9c16, org.springframework.security.web.authentication.AnonymousAuthenticationFilter@35416a4b, org.springframework.security.web.session.SessionManagementFilter@43a45552, org.springframework.security.web.access.ExceptionTranslationFilter@2292b652, org.springframework.security.web.access.intercept.FilterSecurityInterceptor@4f20a63]
2021-02-17 00:04:50.860  INFO 3508 --- [restartedMain] o.s.s.c.ThreadPoolTaskScheduler          : Initializing ExecutorService 'taskScheduler'
2021-02-17 00:04:51.079  INFO 3508 --- [restartedMain] o.s.b.w.embedded.tomcat.TomcatWebServer  : Tomcat started on port(s): 8080 (http) with context path ''
2021-02-17 00:04:51.087  INFO 3508 --- [scheduling-1] c.c.e.job.bean.ExamDeadlineListener      : EXAMS ENDING JOB ACTIVED
2021-02-17 00:04:51.092  INFO 3508 --- [restartedMain] c.c.examsystem.ExamSystemApplication     : Started ExamSystemApplication in 7.389 seconds (JVM running for 9.046)
2021-02-17 00:04:51.391  INFO 3508 --- [scheduling-1] c.c.e.job.bean.ExamDeadlineListener      : EXAMS STARTING JOB ACTIVED
2021-02-17 00:05:06.082  INFO 3508 --- [http-nio-8080-exec-1] o.a.c.c.C.[Tomcat].[localhost].[/]       : Initializing Spring DispatcherServlet 'dispatcherServlet'
2021-02-17 00:05:06.082  INFO 3508 --- [http-nio-8080-exec-1] o.s.web.servlet.DispatcherServlet        : Initializing Servlet 'dispatcherServlet'
2021-02-17 00:05:06.083  INFO 3508 --- [http-nio-8080-exec-1] o.s.web.servlet.DispatcherServlet        : Completed initialization in 1 ms
2021-02-17 00:05:06.404  WARN 3508 --- [http-nio-8080-exec-1] o.a.c.util.SessionIdGeneratorBase        : Creation of SecureRandom instance for session ID generation using [SHA1PRNG] took [288] milliseconds.
2021-02-17 00:05:13.781  WARN 3508 --- [http-nio-8080-exec-6] n.n.u.t.expressions.ExpressionProcessor  : Fragment expression "shared-templates/layout" is being wrapped as a Thymeleaf 3 fragment expression (~{...}) for backwards compatibility purposes.  This wrapping will be dropped in the next major version of the expression processor, so please rewrite as a Thymeleaf 3 fragment expression to future-proof your code.  See https://github.com/thymeleaf/thymeleaf/issues/451 for more information.
2021-02-17 00:05:24.730  INFO 25328 --- [restartedMain] c.c.examsystem.ExamSystemApplication     : Starting ExamSystemApplication using Java 11.0.6 on DESKTOP-O02HOJ9 with PID 25328 (C:\Users\Doğukan\Desktop\New folder (2)\exam-system\target\classes started by Doğukan in C:\Users\Doğukan\Desktop\New folder (2)\exam-system)
2021-02-17 00:05:24.734  INFO 25328 --- [restartedMain] c.c.examsystem.ExamSystemApplication     : No active profile set, falling back to default profiles: default
2021-02-17 00:05:24.926  INFO 25328 --- [restartedMain] .e.DevToolsPropertyDefaultsPostProcessor : Devtools property defaults active! Set 'spring.devtools.add-properties' to 'false' to disable
2021-02-17 00:05:24.927  INFO 25328 --- [restartedMain] .e.DevToolsPropertyDefaultsPostProcessor : For additional web related logging consider setting the 'logging.level.web' property to 'DEBUG'
2021-02-17 00:05:26.219  INFO 25328 --- [restartedMain] .s.d.r.c.RepositoryConfigurationDelegate : Bootstrapping Spring Data JPA repositories in DEFAULT mode.
2021-02-17 00:05:26.332  INFO 25328 --- [restartedMain] .s.d.r.c.RepositoryConfigurationDelegate : Finished Spring Data repository scanning in 93 ms. Found 3 JPA repository interfaces.
2021-02-17 00:05:26.681  INFO 25328 --- [restartedMain] trationDelegate$BeanPostProcessorChecker : Bean 'org.springframework.security.access.expression.method.DefaultMethodSecurityExpressionHandler@331ea585' of type [org.springframework.security.access.expression.method.DefaultMethodSecurityExpressionHandler] is not eligible for getting processed by all BeanPostProcessors (for example: not eligible for auto-proxying)
2021-02-17 00:05:26.684  INFO 25328 --- [restartedMain] trationDelegate$BeanPostProcessorChecker : Bean 'methodSecurityMetadataSource' of type [org.springframework.security.access.method.DelegatingMethodSecurityMetadataSource] is not eligible for getting processed by all BeanPostProcessors (for example: not eligible for auto-proxying)
2021-02-17 00:05:26.975  INFO 25328 --- [restartedMain] o.s.b.w.embedded.tomcat.TomcatWebServer  : Tomcat initialized with port(s): 8080 (http)
2021-02-17 00:05:26.981  INFO 25328 --- [restartedMain] o.apache.catalina.core.StandardService   : Starting service [Tomcat]
2021-02-17 00:05:26.981  INFO 25328 --- [restartedMain] org.apache.catalina.core.StandardEngine  : Starting Servlet engine: [Apache Tomcat/9.0.41]
2021-02-17 00:05:27.106  INFO 25328 --- [restartedMain] o.a.c.c.C.[Tomcat].[localhost].[/]       : Initializing Spring embedded WebApplicationContext
2021-02-17 00:05:27.106  INFO 25328 --- [restartedMain] w.s.c.ServletWebServerApplicationContext : Root WebApplicationContext: initialization completed in 2178 ms
2021-02-17 00:05:27.281  INFO 25328 --- [restartedMain] o.hibernate.jpa.internal.util.LogHelper  : HHH000204: Processing PersistenceUnitInfo [name: default]
2021-02-17 00:05:27.409  INFO 25328 --- [restartedMain] org.hibernate.Version                    : HHH000412: Hibernate ORM core version 5.4.27.Final
2021-02-17 00:05:27.545  INFO 25328 --- [restartedMain] o.hibernate.annotations.common.Version   : HCANN000001: Hibernate Commons Annotations {5.1.2.Final}
2021-02-17 00:05:27.630  INFO 25328 --- [restartedMain] com.zaxxer.hikari.HikariDataSource       : HikariPool-1 - Starting...
2021-02-17 00:05:28.863  INFO 25328 --- [restartedMain] com.zaxxer.hikari.HikariDataSource       : HikariPool-1 - Start completed.
2021-02-17 00:05:28.879  INFO 25328 --- [restartedMain] org.hibernate.dialect.Dialect            : HHH000400: Using dialect: org.hibernate.dialect.PostgreSQL10Dialect
2021-02-17 00:05:29.637  INFO 25328 --- [restartedMain] Hibernate Types                          : This framework is proudly powered by:

>>>>>>>>>>>>>>>>>>>>>>>>>>>>>>>>>>>>>>>>>>>>>>>>>>>>>>>>>>>>>>>>
 _    _                           _     _
| |  | |                         (_)   | |
| |__| |_   _ _ __   ___ _ __ ___ _ ___| |_ ___ _ __   ___ ___
|  __  | | | | '_ \ / _ \ '__/ __| / __| __/ _ \ '_ \ / __/ _ \
| |  | | |_| | |_) |  __/ |  \__ \ \__ \ ||  __/ | | | (_|  __/
|_|  |_|\__, | .__/ \___|_|  |___/_|___/\__\___|_| |_|\___\___|
         __/ | |
        |___/|_|

At Hypersistence, we only build amazing tools, like Hibernate Types, Flexy Pool, or Hypersistence Optimizer.
What if there was a tool that couuld automatically detect JPA and Hibernate performance issues?
Hypersistence Optimizer is that tool!
For more details, go to: 

https://vladmihalcea.com/hypersistence-optimizer/
<<<<<<<<<<<<<<<<<<<<<<<<<<<<<<<<<<<<<<<<<<<<<<<<<<<<<<<<<<<<<<<<

2021-02-17 00:05:31.265  INFO 25328 --- [restartedMain] o.h.e.t.j.p.i.JtaPlatformInitiator       : HHH000490: Using JtaPlatform implementation: [org.hibernate.engine.transaction.jta.platform.internal.NoJtaPlatform]
2021-02-17 00:05:31.275  INFO 25328 --- [restartedMain] j.LocalContainerEntityManagerFactoryBean : Initialized JPA EntityManagerFactory for persistence unit 'default'
2021-02-17 00:05:31.621  WARN 25328 --- [restartedMain] JpaBaseConfiguration$JpaWebConfiguration : spring.jpa.open-in-view is enabled by default. Therefore, database queries may be performed during view rendering. Explicitly configure spring.jpa.open-in-view to disable this warning
2021-02-17 00:05:31.719  INFO 25328 --- [restartedMain] o.s.b.d.a.OptionalLiveReloadServer       : LiveReload server is running on port 35729
2021-02-17 00:05:32.140  INFO 25328 --- [restartedMain] o.s.s.web.DefaultSecurityFilterChain     : Will secure any request with [org.springframework.security.web.context.request.async.WebAsyncManagerIntegrationFilter@4b953d2, org.springframework.security.web.context.SecurityContextPersistenceFilter@5b6cd0ef, org.springframework.security.web.header.HeaderWriterFilter@616e2709, org.springframework.security.web.authentication.logout.LogoutFilter@217fc3ec, org.springframework.security.web.authentication.UsernamePasswordAuthenticationFilter@38c12a02, org.springframework.security.web.savedrequest.RequestCacheAwareFilter@644c05c4, org.springframework.security.web.servletapi.SecurityContextHolderAwareRequestFilter@294290b0, org.springframework.security.web.authentication.AnonymousAuthenticationFilter@34886755, org.springframework.security.web.session.SessionManagementFilter@624e74e0, org.springframework.security.web.access.ExceptionTranslationFilter@414bec01, org.springframework.security.web.access.intercept.FilterSecurityInterceptor@3b9cab0d]
2021-02-17 00:05:32.218  INFO 25328 --- [restartedMain] o.s.s.c.ThreadPoolTaskScheduler          : Initializing ExecutorService 'taskScheduler'
2021-02-17 00:05:32.456  INFO 25328 --- [restartedMain] o.s.b.w.embedded.tomcat.TomcatWebServer  : Tomcat started on port(s): 8080 (http) with context path ''
2021-02-17 00:05:32.463  INFO 25328 --- [scheduling-1] c.c.e.job.bean.ExamDeadlineListener      : EXAMS ENDING JOB ACTIVED
2021-02-17 00:05:32.468  INFO 25328 --- [restartedMain] c.c.examsystem.ExamSystemApplication     : Started ExamSystemApplication in 8.315 seconds (JVM running for 9.83)
2021-02-17 00:05:32.565  INFO 25328 --- [http-nio-8080-exec-1] o.a.c.c.C.[Tomcat].[localhost].[/]       : Initializing Spring DispatcherServlet 'dispatcherServlet'
2021-02-17 00:05:32.565  INFO 25328 --- [http-nio-8080-exec-1] o.s.web.servlet.DispatcherServlet        : Initializing Servlet 'dispatcherServlet'
2021-02-17 00:05:32.566  INFO 25328 --- [http-nio-8080-exec-1] o.s.web.servlet.DispatcherServlet        : Completed initialization in 1 ms
2021-02-17 00:05:32.806  INFO 25328 --- [scheduling-1] c.c.e.job.bean.ExamDeadlineListener      : EXAMS STARTING JOB ACTIVED
2021-02-17 00:05:32.950  WARN 25328 --- [http-nio-8080-exec-1] o.a.c.util.SessionIdGeneratorBase        : Creation of SecureRandom instance for session ID generation using [SHA1PRNG] took [350] milliseconds.
2021-02-17 00:05:37.698  WARN 25328 --- [http-nio-8080-exec-5] n.n.u.t.expressions.ExpressionProcessor  : Fragment expression "shared-templates/layout" is being wrapped as a Thymeleaf 3 fragment expression (~{...}) for backwards compatibility purposes.  This wrapping will be dropped in the next major version of the expression processor, so please rewrite as a Thymeleaf 3 fragment expression to future-proof your code.  See https://github.com/thymeleaf/thymeleaf/issues/451 for more information.
2021-02-17 00:06:32.954  INFO 25328 --- [scheduling-1] c.c.e.job.bean.ExamDeadlineListener      : EXAMS ENDING JOB ACTIVED
2021-02-17 00:06:33.154  INFO 25328 --- [scheduling-1] c.c.e.job.bean.ExamDeadlineListener      : EXAMS STARTING JOB ACTIVED
